mode: set
github.com/weaveworks/weave-gitops/pkg/flux/setup.go:15.21,21.52 5 0
github.com/weaveworks/weave-gitops/pkg/flux/setup.go:21.52,26.3 3 0
github.com/weaveworks/weave-gitops/pkg/flux/setup.go:30.39,32.16 2 0
github.com/weaveworks/weave-gitops/pkg/flux/setup.go:36.2,36.50 1 0
github.com/weaveworks/weave-gitops/pkg/flux/setup.go:32.16,34.3 1 0
github.com/weaveworks/weave-gitops/pkg/flux/setup.go:40.39,42.16 2 0
github.com/weaveworks/weave-gitops/pkg/flux/setup.go:45.2,45.66 1 0
github.com/weaveworks/weave-gitops/pkg/flux/setup.go:42.16,44.3 1 0
github.com/weaveworks/weave-gitops/pkg/flux/setup.go:48.28,49.16 1 0
github.com/weaveworks/weave-gitops/pkg/flux/setup.go:49.16,52.3 2 0
github.com/weaveworks/weave-gitops/cmd/wego/flux/cmd.go:24.13,26.2 1 1
github.com/weaveworks/weave-gitops/cmd/wego/flux/cmd.go:29.48,31.16 2 0
github.com/weaveworks/weave-gitops/cmd/wego/flux/cmd.go:36.2,39.51 2 0
github.com/weaveworks/weave-gitops/cmd/wego/flux/cmd.go:31.16,34.3 2 0
github.com/weaveworks/weave-gitops/cmd/wego/flux/cmd.go:39.51,41.3 1 0
github.com/weaveworks/weave-gitops/cmd/wego/flux/cmd.go:41.8,43.3 1 0
github.com/weaveworks/weave-gitops/cmd/wego/flux/cmd.go:46.54,48.16 2 0
github.com/weaveworks/weave-gitops/cmd/wego/flux/cmd.go:52.2,52.36 1 0
github.com/weaveworks/weave-gitops/cmd/wego/flux/cmd.go:48.16,51.3 2 0
github.com/weaveworks/weave-gitops/cmd/wego/version/cmd.go:24.48,28.43 1 0
github.com/weaveworks/weave-gitops/cmd/wego/version/cmd.go:28.43,31.3 1 0
github.com/weaveworks/weave-gitops/cmd/wego/version/cmd.go:31.8,36.3 4 0
github.com/weaveworks/weave-gitops/cmd/wego/main.go:22.60,24.3 1 0
github.com/weaveworks/weave-gitops/cmd/wego/main.go:27.24,31.21 2 0
github.com/weaveworks/weave-gitops/cmd/wego/main.go:31.21,33.3 1 0
github.com/weaveworks/weave-gitops/cmd/wego/main.go:36.13,42.42 5 0
github.com/weaveworks/weave-gitops/cmd/wego/main.go:42.42,45.3 2 0
github.com/weaveworks/weave-gitops/pkg/status/status.go:25.39,26.71 1 0
github.com/weaveworks/weave-gitops/pkg/status/status.go:30.2,30.87 1 0
github.com/weaveworks/weave-gitops/pkg/status/status.go:34.2,34.63 1 0
github.com/weaveworks/weave-gitops/pkg/status/status.go:38.2,38.16 1 0
github.com/weaveworks/weave-gitops/pkg/status/status.go:26.71,28.3 1 0
github.com/weaveworks/weave-gitops/pkg/status/status.go:30.87,32.3 1 0
github.com/weaveworks/weave-gitops/pkg/status/status.go:34.63,36.3 1 0
github.com/weaveworks/weave-gitops/pkg/status/status.go:41.40,43.2 1 0
github.com/weaveworks/weave-gitops/main.go:7.14,8.2 0 0
github.com/weaveworks/weave-gitops/main.go:10.20,18.2 7 1
github.com/weaveworks/weave-gitops/pkg/flux/logs.go:9.55,11.16 2 0
github.com/weaveworks/weave-gitops/pkg/flux/logs.go:15.2,17.16 3 0
github.com/weaveworks/weave-gitops/pkg/flux/logs.go:21.2,21.38 1 0
github.com/weaveworks/weave-gitops/pkg/flux/logs.go:11.16,13.3 1 0
github.com/weaveworks/weave-gitops/pkg/flux/logs.go:17.16,19.3 1 0
github.com/weaveworks/weave-gitops/pkg/flux/logs.go:26.61,29.33 3 0
github.com/weaveworks/weave-gitops/pkg/flux/logs.go:37.2,38.33 2 0
github.com/weaveworks/weave-gitops/pkg/flux/logs.go:42.2,42.20 1 0
github.com/weaveworks/weave-gitops/pkg/flux/logs.go:29.33,31.25 2 0
github.com/weaveworks/weave-gitops/pkg/flux/logs.go:34.3,34.34 1 0
github.com/weaveworks/weave-gitops/pkg/flux/logs.go:31.25,32.12 1 0
github.com/weaveworks/weave-gitops/pkg/flux/logs.go:38.33,40.3 1 0
github.com/weaveworks/weave-gitops/cmd/wego/flux/cmd.go:24.13,26.2 1 1
github.com/weaveworks/weave-gitops/cmd/wego/flux/cmd.go:29.48,31.16 2 0
github.com/weaveworks/weave-gitops/cmd/wego/flux/cmd.go:36.2,39.51 2 0
github.com/weaveworks/weave-gitops/cmd/wego/flux/cmd.go:31.16,34.3 2 0
github.com/weaveworks/weave-gitops/cmd/wego/flux/cmd.go:39.51,41.3 1 0
github.com/weaveworks/weave-gitops/cmd/wego/flux/cmd.go:41.8,43.3 1 0
github.com/weaveworks/weave-gitops/cmd/wego/flux/cmd.go:46.54,48.16 2 0
github.com/weaveworks/weave-gitops/cmd/wego/flux/cmd.go:52.2,52.36 1 0
github.com/weaveworks/weave-gitops/cmd/wego/flux/cmd.go:48.16,51.3 2 0
github.com/weaveworks/weave-gitops/cmd/wego/version/cmd.go:24.48,28.43 1 0
github.com/weaveworks/weave-gitops/cmd/wego/version/cmd.go:28.43,31.3 1 0
github.com/weaveworks/weave-gitops/cmd/wego/version/cmd.go:31.8,36.3 4 0
github.com/weaveworks/weave-gitops/cmd/wego/main.go:22.60,24.3 1 0
github.com/weaveworks/weave-gitops/cmd/wego/main.go:27.24,31.21 2 0
github.com/weaveworks/weave-gitops/cmd/wego/main.go:31.21,33.3 1 0
github.com/weaveworks/weave-gitops/cmd/wego/main.go:36.13,42.42 5 0
github.com/weaveworks/weave-gitops/cmd/wego/main.go:42.42,45.3 2 0
github.com/weaveworks/weave-gitops/pkg/status/status.go:25.39,26.71 1 1
github.com/weaveworks/weave-gitops/pkg/status/status.go:30.2,30.87 1 1
github.com/weaveworks/weave-gitops/pkg/status/status.go:34.2,34.63 1 1
github.com/weaveworks/weave-gitops/pkg/status/status.go:38.2,38.16 1 1
github.com/weaveworks/weave-gitops/pkg/status/status.go:26.71,28.3 1 1
github.com/weaveworks/weave-gitops/pkg/status/status.go:30.87,32.3 1 1
github.com/weaveworks/weave-gitops/pkg/status/status.go:34.63,36.3 1 1
github.com/weaveworks/weave-gitops/pkg/status/status.go:41.40,43.2 1 0
github.com/weaveworks/weave-gitops/main.go:7.14,8.2 0 0
github.com/weaveworks/weave-gitops/main.go:10.20,18.2 7 0
github.com/weaveworks/weave-gitops/pkg/flux/logs.go:9.55,11.16 2 0
github.com/weaveworks/weave-gitops/pkg/flux/logs.go:15.2,17.16 3 0
github.com/weaveworks/weave-gitops/pkg/flux/logs.go:21.2,21.38 1 0
github.com/weaveworks/weave-gitops/pkg/flux/logs.go:11.16,13.3 1 0
github.com/weaveworks/weave-gitops/pkg/flux/logs.go:17.16,19.3 1 0
github.com/weaveworks/weave-gitops/pkg/flux/logs.go:26.61,29.33 3 0
github.com/weaveworks/weave-gitops/pkg/flux/logs.go:37.2,38.33 2 0
github.com/weaveworks/weave-gitops/pkg/flux/logs.go:42.2,42.20 1 0
github.com/weaveworks/weave-gitops/pkg/flux/logs.go:29.33,31.25 2 0
github.com/weaveworks/weave-gitops/pkg/flux/logs.go:34.3,34.34 1 0
github.com/weaveworks/weave-gitops/pkg/flux/logs.go:31.25,32.12 1 0
github.com/weaveworks/weave-gitops/pkg/flux/logs.go:38.33,40.3 1 0
github.com/weaveworks/weave-gitops/pkg/flux/setup.go:15.21,21.52 5 0
github.com/weaveworks/weave-gitops/pkg/flux/setup.go:21.52,26.3 3 0
github.com/weaveworks/weave-gitops/pkg/flux/setup.go:30.39,32.16 2 0
github.com/weaveworks/weave-gitops/pkg/flux/setup.go:36.2,36.50 1 0
github.com/weaveworks/weave-gitops/pkg/flux/setup.go:32.16,34.3 1 0
github.com/weaveworks/weave-gitops/pkg/flux/setup.go:40.39,42.16 2 0
github.com/weaveworks/weave-gitops/pkg/flux/setup.go:45.2,45.66 1 0
github.com/weaveworks/weave-gitops/pkg/flux/setup.go:42.16,44.3 1 0
github.com/weaveworks/weave-gitops/pkg/flux/setup.go:48.28,49.16 1 0
github.com/weaveworks/weave-gitops/pkg/flux/setup.go:49.16,52.3 2 0
github.com/weaveworks/weave-gitops/cmd/wego/flux/cmd.go:24.13,26.2 1 1
github.com/weaveworks/weave-gitops/cmd/wego/flux/cmd.go:29.48,31.16 2 0
github.com/weaveworks/weave-gitops/cmd/wego/flux/cmd.go:36.2,39.51 2 0
github.com/weaveworks/weave-gitops/cmd/wego/flux/cmd.go:31.16,34.3 2 0
github.com/weaveworks/weave-gitops/cmd/wego/flux/cmd.go:39.51,41.3 1 0
github.com/weaveworks/weave-gitops/cmd/wego/flux/cmd.go:41.8,43.3 1 0
github.com/weaveworks/weave-gitops/cmd/wego/flux/cmd.go:46.54,48.16 2 0
github.com/weaveworks/weave-gitops/cmd/wego/flux/cmd.go:52.2,52.36 1 0
github.com/weaveworks/weave-gitops/cmd/wego/flux/cmd.go:48.16,51.3 2 0
github.com/weaveworks/weave-gitops/cmd/wego/version/cmd.go:24.48,28.43 1 0
github.com/weaveworks/weave-gitops/cmd/wego/version/cmd.go:28.43,31.3 1 0
github.com/weaveworks/weave-gitops/cmd/wego/version/cmd.go:31.8,36.3 4 0
github.com/weaveworks/weave-gitops/cmd/wego/main.go:22.60,24.3 1 0
github.com/weaveworks/weave-gitops/cmd/wego/main.go:27.24,31.21 2 0
github.com/weaveworks/weave-gitops/cmd/wego/main.go:31.21,33.3 1 0
github.com/weaveworks/weave-gitops/cmd/wego/main.go:36.13,42.42 5 0
github.com/weaveworks/weave-gitops/cmd/wego/main.go:42.42,45.3 2 0
github.com/weaveworks/weave-gitops/pkg/status/status.go:25.39,26.71 1 0
github.com/weaveworks/weave-gitops/pkg/status/status.go:30.2,30.87 1 0
github.com/weaveworks/weave-gitops/pkg/status/status.go:34.2,34.63 1 0
github.com/weaveworks/weave-gitops/pkg/status/status.go:38.2,38.16 1 0
github.com/weaveworks/weave-gitops/pkg/status/status.go:26.71,28.3 1 0
github.com/weaveworks/weave-gitops/pkg/status/status.go:30.87,32.3 1 0
github.com/weaveworks/weave-gitops/pkg/status/status.go:34.63,36.3 1 0
github.com/weaveworks/weave-gitops/pkg/status/status.go:41.40,43.2 1 0
github.com/weaveworks/weave-gitops/pkg/flux/logs.go:9.55,11.16 2 0
github.com/weaveworks/weave-gitops/pkg/flux/logs.go:15.2,17.16 3 0
github.com/weaveworks/weave-gitops/pkg/flux/logs.go:21.2,21.38 1 0
github.com/weaveworks/weave-gitops/pkg/flux/logs.go:11.16,13.3 1 0
github.com/weaveworks/weave-gitops/pkg/flux/logs.go:17.16,19.3 1 0
github.com/weaveworks/weave-gitops/pkg/flux/logs.go:26.61,29.33 3 1
github.com/weaveworks/weave-gitops/pkg/flux/logs.go:37.2,38.33 2 1
github.com/weaveworks/weave-gitops/pkg/flux/logs.go:42.2,42.20 1 1
github.com/weaveworks/weave-gitops/pkg/flux/logs.go:29.33,31.25 2 1
github.com/weaveworks/weave-gitops/pkg/flux/logs.go:34.3,34.34 1 1
github.com/weaveworks/weave-gitops/pkg/flux/logs.go:31.25,32.12 1 1
github.com/weaveworks/weave-gitops/pkg/flux/logs.go:38.33,40.3 1 1
github.com/weaveworks/weave-gitops/pkg/flux/setup.go:15.21,21.52 5 1
github.com/weaveworks/weave-gitops/pkg/flux/setup.go:21.52,26.3 3 1
github.com/weaveworks/weave-gitops/pkg/flux/setup.go:30.39,32.16 2 1
github.com/weaveworks/weave-gitops/pkg/flux/setup.go:36.2,36.50 1 1
github.com/weaveworks/weave-gitops/pkg/flux/setup.go:32.16,34.3 1 0
github.com/weaveworks/weave-gitops/pkg/flux/setup.go:40.39,42.16 2 1
github.com/weaveworks/weave-gitops/pkg/flux/setup.go:45.2,45.66 1 1
github.com/weaveworks/weave-gitops/pkg/flux/setup.go:42.16,44.3 1 0
github.com/weaveworks/weave-gitops/pkg/flux/setup.go:48.28,49.16 1 1
github.com/weaveworks/weave-gitops/pkg/flux/setup.go:49.16,52.3 2 0
github.com/weaveworks/weave-gitops/main.go:7.14,8.2 0 0
github.com/weaveworks/weave-gitops/main.go:10.20,18.2 7 0
